cropper/build/intermediates/manifest_merge_blame_file/debug/manifest-merger-blame-debug-report.txt
1<?xml version="1.0" encoding="utf-8"?>
2<manifest xmlns:android="http://schemas.android.com/apk/res/android"
3    package="com.canhub.cropper"
4    android:versionCode="1"
5    android:versionName="1.0" >
6
7    <uses-sdk
8        android:minSdkVersion="17"
8-->src\main\AndroidManifest.xml
9        android:targetSdkVersion="30" />
9-->src\main\AndroidManifest.xml
10
11    <queries>
11-->src\main\AndroidManifest.xml:4:5-13:15
12        <intent>
12-->src\main\AndroidManifest.xml:5:9-9:18
13            <action android:name="android.intent.action.GET_CONTENT" />
13-->src\main\AndroidManifest.xml:6:13-72
13-->src\main\AndroidManifest.xml:6:21-69
14
15            <category android:name="android.intent.category.OPENABLE" />
15-->src\main\AndroidManifest.xml:7:13-73
15-->src\main\AndroidManifest.xml:7:23-70
16
17            <data android:mimeType="*/*" />
17-->src\main\AndroidManifest.xml:8:13-44
17-->src\main\AndroidManifest.xml:8:19-41
18        </intent>
19        <intent>
19-->src\main\AndroidManifest.xml:5:9-9:18
20            <action android:name="android.media.action.IMAGE_CAPTURE" />
20-->src\main\AndroidManifest.xml:11:13-73
20-->src\main\AndroidManifest.xml:11:21-70
21        </intent>
22    </queries>
23
24    <application>
24-->src\main\AndroidManifest.xml:14:5-25:19
25        <provider
25-->src\main\AndroidManifest.xml:15:9-23:20
26            android:name="com.canhub.cropper.CropFileProvider"
26-->src\main\AndroidManifest.xml:16:13-45
27            android:authorities="${applicationId}.cropper.fileprovider"
27-->src\main\AndroidManifest.xml:17:13-72
28            android:exported="false"
28-->src\main\AndroidManifest.xml:18:13-37
29            android:grantUriPermissions="true" >
29-->src\main\AndroidManifest.xml:19:13-47
30            <meta-data
30-->src\main\AndroidManifest.xml:20:13-22:62
31                android:name="android.support.FILE_PROVIDER_PATHS"
31-->src\main\AndroidManifest.xml:21:17-67
32                android:resource="@xml/library_file_paths" />
32-->src\main\AndroidManifest.xml:22:17-59
33        </provider>
34
35        <activity android:name="com.canhub.cropper.CropImageActivity" />
35-->src\main\AndroidManifest.xml:24:9-55
35-->src\main\AndroidManifest.xml:24:19-52
36    </application>
37
38</manifest>